{"level":"info","message":"Mongoose connected","timestamp":"2025-09-17 17:52:19"}
{"level":"info","message":"MongoDB connected successfully","timestamp":"2025-09-17 17:52:19"}
{"level":"info","message":"Server running on port 5000","timestamp":"2025-09-17 17:52:19"}
{"level":"info","message":"Environment: development","timestamp":"2025-09-17 17:52:19"}
{"level":"info","message":"GET /api/auth/me","timestamp":"2025-09-17 17:52:24"}
{"level":"info","message":"POST /api/auth/login","timestamp":"2025-09-17 17:52:35"}
{"level":"info","message":"POST /api/auth/login","timestamp":"2025-09-17 17:52:40"}
{"level":"info","message":"POST /api/auth/login","timestamp":"2025-09-17 17:52:46"}
{"level":"info","message":"GET /api/recordings","timestamp":"2025-09-17 17:52:50"}
{"level":"info","message":"DELETE /api/recordings/68c9a291a279c80d204bb448","timestamp":"2025-09-17 17:53:03"}
{"level":"info","message":"GET /api/auth/me","timestamp":"2025-09-17 17:54:53"}
{"level":"info","message":"GET /api/recordings","timestamp":"2025-09-17 17:54:53"}
{"level":"info","message":"POST /api/auth/logout","timestamp":"2025-09-17 17:54:56"}
{"level":"info","message":"POST /api/auth/login","timestamp":"2025-09-17 17:55:08"}
{"level":"info","message":"GET /api/recordings","timestamp":"2025-09-17 17:55:12"}
{"level":"info","message":"POST /api/auth/logout","timestamp":"2025-09-17 17:55:14"}
{"level":"info","message":"POST /api/auth/login","timestamp":"2025-09-17 17:55:25"}
{"level":"info","message":"GET /api/recordings","timestamp":"2025-09-17 17:55:28"}
{"level":"info","message":"DELETE /api/recordings/68c99d3ca279c80d204bb405","timestamp":"2025-09-17 17:56:29"}
{"level":"info","message":"DELETE /api/recordings/68c99b03a279c80d204bb3e6","timestamp":"2025-09-17 17:56:32"}
{"level":"info","message":"DELETE /api/recordings/68c999259b33c249fffec14e","timestamp":"2025-09-17 17:56:36"}
{"level":"info","message":"DELETE /api/recordings/68c9988adf7eda8414c0e69a","timestamp":"2025-09-17 17:56:39"}
{"level":"info","message":"DELETE /api/recordings/68c997cf675c19d5a1d7d491","timestamp":"2025-09-17 17:56:42"}
{"level":"info","message":"DELETE /api/recordings/68c307a06ac29aadc0b4a2b1","timestamp":"2025-09-17 17:57:49"}
{"level":"info","message":"DELETE /api/recordings/68c312871397326fa1a6c3cc","timestamp":"2025-09-17 17:57:54"}
{"level":"info","message":"GET /api/meetings/my-meetings","timestamp":"2025-09-17 17:59:33"}
{"level":"info","message":"GET /api/auth/me","timestamp":"2025-09-17 18:14:45"}
{"level":"warn","message":"Mongoose disconnected","timestamp":"2025-09-17 18:14:45"}
{"level":"info","message":"Mongoose connected","timestamp":"2025-09-17 18:14:45"}
{"level":"info","message":"GET /api/recordings","timestamp":"2025-09-17 18:14:45"}
{"level":"info","message":"GET /api/auth/me","timestamp":"2025-09-17 18:14:46"}
{"level":"info","message":"GET /api/meetings/my-meetings","timestamp":"2025-09-17 18:14:46"}
{"level":"info","message":"Mongoose connected","timestamp":"2025-09-17 18:18:29"}
{"level":"info","message":"MongoDB connected successfully","timestamp":"2025-09-17 18:18:29"}
{"level":"info","message":"Server running on port 5000","timestamp":"2025-09-17 18:18:29"}
{"level":"info","message":"Environment: development","timestamp":"2025-09-17 18:18:29"}
{"level":"info","message":"Mongoose connected","timestamp":"2025-09-17 18:22:33"}
{"level":"info","message":"MongoDB connected successfully","timestamp":"2025-09-17 18:22:33"}
{"level":"info","message":"Server running on port 5000","timestamp":"2025-09-17 18:22:33"}
{"level":"info","message":"Environment: development","timestamp":"2025-09-17 18:22:33"}
{"level":"info","message":"GET /api/auth/me","timestamp":"2025-09-17 18:23:30"}
{"level":"info","message":"GET /api/meetings/my-meetings","timestamp":"2025-09-17 18:23:30"}
{"level":"info","message":"GET /api/meetings/my-meetings","timestamp":"2025-09-17 18:24:43"}
{"level":"info","message":"GET /api/auth/me","timestamp":"2025-09-17 18:24:49"}
{"level":"info","message":"GET /api/meetings/my-meetings","timestamp":"2025-09-17 18:24:49"}
{"level":"info","message":"GET /api/meetings/my-meetings","timestamp":"2025-09-17 18:24:54"}
{"level":"info","message":"GET /api/meetings/my-meetings","timestamp":"2025-09-17 18:25:02"}
{"level":"info","message":"GET /api/meetings/my-meetings","timestamp":"2025-09-17 18:25:07"}
{"level":"info","message":"GET /api/meetings/my-meetings","timestamp":"2025-09-17 18:25:12"}
{"level":"info","message":"GET /api/meetings/my-meetings","timestamp":"2025-09-17 18:25:21"}
{"level":"info","message":"GET /api/meetings/my-meetings","timestamp":"2025-09-17 18:25:31"}
{"level":"info","message":"GET /api/meetings/my-meetings","timestamp":"2025-09-17 18:26:30"}
{"level":"info","message":"GET /api/meetings/my-meetings","timestamp":"2025-09-17 18:26:47"}
{"level":"info","message":"GET /api/meetings/my-meetings","timestamp":"2025-09-17 18:27:22"}
{"level":"info","message":"Mongoose connected","timestamp":"2025-09-17 18:34:59"}
{"level":"info","message":"MongoDB connected successfully","timestamp":"2025-09-17 18:34:59"}
{"level":"info","message":"Server running on port 5000","timestamp":"2025-09-17 18:34:59"}
{"level":"info","message":"Environment: development","timestamp":"2025-09-17 18:34:59"}
{"level":"info","message":"Mongoose connected","timestamp":"2025-09-17 18:38:50"}
{"level":"info","message":"MongoDB connected successfully","timestamp":"2025-09-17 18:38:50"}
{"level":"info","message":"Server running on port 5000","timestamp":"2025-09-17 18:38:50"}
{"level":"info","message":"Environment: development","timestamp":"2025-09-17 18:38:50"}
{"level":"info","message":"GET /api/auth/me","timestamp":"2025-09-17 18:39:30"}
{"level":"info","message":"GET /api/meetings/my-meetings/hosted","timestamp":"2025-09-17 18:39:30"}
{"level":"info","message":"GET /api/meetings/my-meetings/participated","timestamp":"2025-09-17 18:39:30"}
{"level":"info","message":"GET /api/auth/me","timestamp":"2025-09-17 18:39:31"}
{"level":"info","message":"GET /api/meetings/my-meetings/hosted","timestamp":"2025-09-17 18:39:31"}
{"level":"info","message":"GET /api/meetings/my-meetings/participated","timestamp":"2025-09-17 18:39:31"}
{"level":"info","message":"GET /api/meetings/my-meetings/participated","timestamp":"2025-09-17 18:39:47"}
{"level":"info","message":"GET /api/meetings/my-meetings/participated","timestamp":"2025-09-17 18:39:50"}
{"level":"info","message":"GET /api/meetings/my-meetings/participated","timestamp":"2025-09-17 18:39:53"}
{"level":"info","message":"GET /api/auth/me","timestamp":"2025-09-17 18:40:09"}
{"level":"info","message":"GET /api/meetings/my-meetings/participated","timestamp":"2025-09-17 18:40:09"}
{"level":"info","message":"GET /api/meetings/my-meetings/hosted","timestamp":"2025-09-17 18:40:09"}
{"level":"info","message":"GET /api/meetings/my-meetings/hosted","timestamp":"2025-09-17 18:40:19"}
{"level":"info","message":"GET /api/meetings/my-meetings/hosted","timestamp":"2025-09-17 18:40:22"}
{"level":"info","message":"POST /api/auth/logout","timestamp":"2025-09-17 18:40:33"}
{"level":"info","message":"POST /api/auth/login","timestamp":"2025-09-17 18:40:40"}
{"level":"info","message":"GET /api/meetings/my-meetings/hosted","timestamp":"2025-09-17 18:40:43"}
{"level":"info","message":"GET /api/meetings/my-meetings/participated","timestamp":"2025-09-17 18:40:43"}
{"level":"info","message":"GET /api/auth/me","timestamp":"2025-09-17 18:45:57"}
{"level":"info","message":"GET /api/meetings/my-meetings/hosted","timestamp":"2025-09-17 18:45:57"}
{"level":"info","message":"GET /api/meetings/my-meetings/participated","timestamp":"2025-09-17 18:45:57"}
{"level":"info","message":"GET /api/auth/me","timestamp":"2025-09-17 18:46:13"}
{"level":"info","message":"POST /api/auth/login","timestamp":"2025-09-17 18:46:19"}
{"level":"info","message":"GET /api/meetings/my-meetings/hosted","timestamp":"2025-09-17 18:46:21"}
{"level":"info","message":"GET /api/meetings/my-meetings/participated","timestamp":"2025-09-17 18:46:21"}
{"level":"info","message":"GET /api/meetings/my-meetings/participated","timestamp":"2025-09-17 18:46:23"}
{"level":"info","message":"GET /api/meetings/my-meetings/participated","timestamp":"2025-09-17 18:46:24"}
{"level":"info","message":"POST /api/auth/logout","timestamp":"2025-09-17 18:46:26"}
{"level":"info","message":"POST /api/auth/login","timestamp":"2025-09-17 18:46:34"}
{"level":"info","message":"GET /api/recordings","timestamp":"2025-09-17 18:46:36"}
{"level":"info","message":"GET /api/meetings/my-meetings/hosted","timestamp":"2025-09-17 18:46:37"}
{"level":"info","message":"GET /api/meetings/my-meetings/participated","timestamp":"2025-09-17 18:46:37"}
{"level":"info","message":"POST /api/auth/logout","timestamp":"2025-09-17 18:46:41"}
{"level":"info","message":"POST /api/auth/login","timestamp":"2025-09-17 18:46:47"}
{"level":"info","message":"GET /api/meetings/my-meetings/hosted","timestamp":"2025-09-17 18:46:49"}
{"level":"info","message":"GET /api/meetings/my-meetings/participated","timestamp":"2025-09-17 18:46:49"}
{"level":"info","message":"POST /api/auth/logout","timestamp":"2025-09-17 18:46:56"}
{"level":"info","message":"POST /api/auth/login","timestamp":"2025-09-17 18:47:00"}
{"level":"info","message":"GET /api/meetings/my-meetings/participated","timestamp":"2025-09-17 18:47:02"}
{"level":"info","message":"GET /api/meetings/my-meetings/hosted","timestamp":"2025-09-17 18:47:02"}
{"level":"info","message":"POST /api/auth/logout","timestamp":"2025-09-17 18:47:14"}
{"level":"info","message":"POST /api/auth/login","timestamp":"2025-09-17 18:47:24"}
{"level":"info","message":"GET /api/meetings/my-meetings/hosted","timestamp":"2025-09-17 18:47:25"}
{"level":"info","message":"GET /api/meetings/my-meetings/participated","timestamp":"2025-09-17 18:47:25"}
{"level":"info","message":"GET /api/meetings/my-meetings/hosted","timestamp":"2025-09-17 18:47:37"}
{"level":"info","message":"GET /api/meetings/my-meetings/hosted","timestamp":"2025-09-17 18:47:40"}
{"level":"info","message":"GET /api/meetings/my-meetings/hosted","timestamp":"2025-09-17 18:47:43"}
{"level":"info","message":"GET /api/meetings/my-meetings/participated","timestamp":"2025-09-17 18:48:01"}
{"level":"info","message":"GET /api/meetings/my-meetings/participated","timestamp":"2025-09-17 18:48:08"}
{"level":"info","message":"GET /api/meetings/my-meetings/participated","timestamp":"2025-09-17 18:48:10"}
{"level":"info","message":"GET /api/meetings/my-meetings/participated","timestamp":"2025-09-17 18:48:42"}
{"level":"info","message":"GET /api/meetings/my-meetings/participated","timestamp":"2025-09-17 18:48:43"}
{"level":"info","message":"GET /api/meetings/my-meetings/hosted","timestamp":"2025-09-17 18:50:17"}
{"level":"info","message":"GET /api/meetings/my-meetings/hosted","timestamp":"2025-09-17 18:50:22"}
{"level":"info","message":"GET /api/meetings/my-meetings/hosted","timestamp":"2025-09-17 18:50:25"}
{"level":"info","message":"GET /api/meetings/my-meetings/participated","timestamp":"2025-09-17 18:50:33"}
{"level":"info","message":"GET /api/meetings/my-meetings/participated","timestamp":"2025-09-17 18:56:57"}
{"level":"info","message":"GET /api/meetings/my-meetings/participated","timestamp":"2025-09-17 18:57:08"}
{"level":"info","message":"GET /api/meetings/my-meetings/participated","timestamp":"2025-09-17 18:57:27"}
{"level":"info","message":"GET /api/meetings/my-meetings/participated","timestamp":"2025-09-17 18:57:29"}
{"level":"info","message":"GET /api/meetings/my-meetings/participated","timestamp":"2025-09-17 18:57:32"}
{"level":"info","message":"GET /api/meetings/my-meetings/participated","timestamp":"2025-09-17 19:00:18"}
{"level":"info","message":"GET /api/meetings/my-meetings/participated","timestamp":"2025-09-17 19:00:20"}
{"level":"info","message":"GET /api/meetings/my-meetings/hosted","timestamp":"2025-09-17 19:01:02"}
{"level":"info","message":"GET /api/meetings/my-meetings/participated","timestamp":"2025-09-17 19:01:02"}
{"level":"info","message":"GET /api/meetings/my-meetings/hosted","timestamp":"2025-09-17 19:01:02"}
{"level":"info","message":"GET /api/meetings/my-meetings/participated","timestamp":"2025-09-17 19:01:02"}
{"level":"info","message":"GET /api/meetings/my-meetings/hosted","timestamp":"2025-09-17 19:01:02"}
{"level":"info","message":"GET /api/meetings/my-meetings/participated","timestamp":"2025-09-17 19:01:02"}
{"level":"info","message":"GET /api/meetings/my-meetings/participated","timestamp":"2025-09-17 19:01:06"}
{"level":"info","message":"GET /api/meetings/my-meetings/participated","timestamp":"2025-09-17 19:01:08"}
{"level":"info","message":"GET /api/meetings/my-meetings/hosted","timestamp":"2025-09-17 19:01:13"}
{"level":"info","message":"GET /api/meetings/my-meetings/hosted","timestamp":"2025-09-17 19:01:15"}
{"level":"info","message":"GET /api/meetings/my-meetings/hosted","timestamp":"2025-09-17 19:01:16"}
{"level":"info","message":"GET /api/meetings/my-meetings/hosted","timestamp":"2025-09-17 19:01:21"}
{"level":"info","message":"GET /api/meetings/my-meetings/hosted","timestamp":"2025-09-17 19:01:23"}
{"level":"info","message":"GET /api/meetings/my-meetings/hosted","timestamp":"2025-09-17 19:01:24"}
{"level":"info","message":"GET /api/meetings/my-meetings/hosted","timestamp":"2025-09-17 19:01:27"}
{"level":"info","message":"GET /api/meetings/my-meetings/hosted","timestamp":"2025-09-17 19:01:28"}
{"level":"info","message":"GET /api/meetings/my-meetings/hosted","timestamp":"2025-09-17 19:01:30"}
{"level":"info","message":"GET /api/meetings/my-meetings/hosted","timestamp":"2025-09-17 19:01:46"}
{"level":"info","message":"GET /api/meetings/my-meetings/hosted","timestamp":"2025-09-17 19:03:12"}
{"level":"info","message":"GET /api/meetings/my-meetings/participated","timestamp":"2025-09-17 19:03:12"}
{"level":"info","message":"GET /api/meetings/my-meetings/hosted","timestamp":"2025-09-17 19:03:12"}
{"level":"info","message":"GET /api/meetings/my-meetings/participated","timestamp":"2025-09-17 19:03:12"}
{"level":"info","message":"GET /api/meetings/my-meetings/hosted","timestamp":"2025-09-17 19:03:12"}
{"level":"info","message":"GET /api/meetings/my-meetings/participated","timestamp":"2025-09-17 19:03:12"}
{"level":"info","message":"GET /api/meetings/my-meetings/hosted","timestamp":"2025-09-17 19:04:48"}
{"level":"info","message":"GET /api/meetings/my-meetings/participated","timestamp":"2025-09-17 19:04:48"}
{"level":"info","message":"GET /api/meetings/my-meetings/hosted","timestamp":"2025-09-17 19:04:48"}
{"level":"info","message":"GET /api/meetings/my-meetings/participated","timestamp":"2025-09-17 19:04:48"}
{"level":"info","message":"GET /api/meetings/my-meetings/hosted","timestamp":"2025-09-17 19:04:48"}
{"level":"info","message":"GET /api/meetings/my-meetings/participated","timestamp":"2025-09-17 19:04:48"}
{"level":"info","message":"GET /api/meetings/my-meetings/hosted","timestamp":"2025-09-17 19:07:29"}
{"level":"info","message":"GET /api/meetings/my-meetings/hosted","timestamp":"2025-09-17 19:07:29"}
{"level":"info","message":"GET /api/meetings/my-meetings/participated","timestamp":"2025-09-17 19:07:29"}
{"level":"info","message":"GET /api/meetings/my-meetings/participated","timestamp":"2025-09-17 19:07:29"}
{"level":"info","message":"GET /api/meetings/my-meetings/hosted","timestamp":"2025-09-17 19:07:29"}
{"level":"info","message":"GET /api/meetings/my-meetings/participated","timestamp":"2025-09-17 19:07:29"}
{"level":"info","message":"GET /api/auth/me","timestamp":"2025-09-17 19:36:30"}
{"level":"warn","message":"Mongoose disconnected","timestamp":"2025-09-17 19:36:31"}
{"level":"info","message":"Mongoose connected","timestamp":"2025-09-17 19:36:31"}
{"level":"info","message":"GET /api/meetings/my-meetings/hosted","timestamp":"2025-09-17 19:36:31"}
{"level":"info","message":"GET /api/meetings/my-meetings/participated","timestamp":"2025-09-17 19:36:31"}
{"level":"info","message":"GET /api/auth/me","timestamp":"2025-09-17 19:36:34"}
{"level":"info","message":"GET /api/meetings/my-meetings/hosted","timestamp":"2025-09-17 19:36:34"}
{"level":"info","message":"GET /api/meetings/my-meetings/participated","timestamp":"2025-09-17 19:36:34"}
{"level":"info","message":"GET /api/auth/me","timestamp":"2025-09-17 19:36:34"}
{"level":"info","message":"GET /api/meetings/my-meetings/hosted","timestamp":"2025-09-17 19:36:35"}
{"level":"info","message":"GET /api/meetings/my-meetings/participated","timestamp":"2025-09-17 19:36:35"}
{"level":"info","message":"Mongoose connected","timestamp":"2025-09-17 19:37:25"}
{"level":"info","message":"MongoDB connected successfully","timestamp":"2025-09-17 19:37:25"}
{"level":"info","message":"Server running on port 5000","timestamp":"2025-09-17 19:37:25"}
{"level":"info","message":"Environment: development","timestamp":"2025-09-17 19:37:25"}
{"level":"info","message":"GET /api/auth/me","timestamp":"2025-09-17 19:37:30"}
{"level":"info","message":"GET /api/meetings/my-meetings/hosted","timestamp":"2025-09-17 19:37:30"}
{"level":"info","message":"GET /api/meetings/my-meetings/participated","timestamp":"2025-09-17 19:37:30"}
{"level":"info","message":"GET /api/meetings/my-meetings/hosted","timestamp":"2025-09-17 19:38:09"}
{"level":"info","message":"GET /api/meetings/my-meetings/participated","timestamp":"2025-09-17 19:38:09"}
{"level":"info","message":"GET /api/recordings","timestamp":"2025-09-17 19:38:14"}
{"level":"info","message":"GET /api/meetings/my-meetings/participated","timestamp":"2025-09-17 19:38:18"}
{"level":"info","message":"GET /api/meetings/my-meetings/hosted","timestamp":"2025-09-17 19:38:18"}
{"level":"info","message":"GET /api/meetings/my-meetings/participated","timestamp":"2025-09-17 19:38:32"}
{"level":"info","message":"GET /api/meetings/my-meetings/hosted","timestamp":"2025-09-17 19:39:09"}
{"level":"info","message":"GET /api/meetings/my-meetings/participated","timestamp":"2025-09-17 19:39:09"}
{"level":"info","message":"GET /api/meetings/my-meetings/hosted","timestamp":"2025-09-17 19:39:09"}
{"level":"info","message":"GET /api/meetings/my-meetings/participated","timestamp":"2025-09-17 19:39:09"}
{"level":"info","message":"GET /api/meetings/my-meetings/hosted","timestamp":"2025-09-17 19:39:09"}
{"level":"info","message":"GET /api/meetings/my-meetings/participated","timestamp":"2025-09-17 19:39:09"}
{"level":"info","message":"GET /api/meetings/my-meetings/participated","timestamp":"2025-09-17 19:39:15"}
{"level":"info","message":"GET /api/recordings","timestamp":"2025-09-17 19:39:19"}
{"level":"info","message":"GET /api/meetings/my-meetings/hosted","timestamp":"2025-09-17 19:39:20"}
{"level":"info","message":"GET /api/meetings/my-meetings/participated","timestamp":"2025-09-17 19:39:20"}
{"level":"info","message":"GET /api/meetings/my-meetings/hosted","timestamp":"2025-09-17 19:39:21"}
{"level":"info","message":"GET /api/meetings/my-meetings/participated","timestamp":"2025-09-17 19:39:21"}
{"level":"info","message":"GET /api/recordings","timestamp":"2025-09-17 19:39:22"}
{"level":"info","message":"GET /api/meetings/my-meetings/hosted","timestamp":"2025-09-17 19:40:39"}
{"level":"info","message":"GET /api/meetings/my-meetings/participated","timestamp":"2025-09-17 19:40:39"}
{"level":"info","message":"POST /api/meetings","timestamp":"2025-09-17 19:41:02"}
{"level":"info","message":"POST /api/meetings/BQ0AOD/join","timestamp":"2025-09-17 19:41:02"}
{"level":"info","message":"POST /api/meetings/BQ0AOD/join","timestamp":"2025-09-17 19:41:13"}
{"level":"info","message":"POST /api/meetings/BQ0AOD/join","timestamp":"2025-09-17 19:41:13"}
{"level":"info","message":"GET /api/recordings","timestamp":"2025-09-17 19:41:41"}
{"level":"info","message":"GET /api/meetings/my-meetings/hosted","timestamp":"2025-09-17 19:41:43"}
{"level":"info","message":"GET /api/meetings/my-meetings/participated","timestamp":"2025-09-17 19:41:43"}
{"level":"info","message":"POST /api/meetings/BQ0AOD/join","timestamp":"2025-09-17 19:41:46"}
{"level":"info","message":"POST /api/meetings/BQ0AOD/join","timestamp":"2025-09-17 19:41:46"}
{"level":"info","message":"POST /api/meetings/BQ0AOD/leave","timestamp":"2025-09-17 19:41:47"}
{"level":"info","message":"POST /api/auth/logout","timestamp":"2025-09-17 19:41:59"}
{"level":"info","message":"GET /api/meetings/my-meetings/hosted","timestamp":"2025-09-17 19:42:10"}
{"level":"info","message":"GET /api/meetings/my-meetings/participated","timestamp":"2025-09-17 19:42:10"}
{"level":"info","message":"POST /api/meetings/BQ0AOD/join","timestamp":"2025-09-17 19:42:12"}
{"level":"info","message":"POST /api/meetings/BQ0AOD/join","timestamp":"2025-09-17 19:42:12"}
{"level":"info","message":"POST /api/recordings/BQ0AOD/upload","timestamp":"2025-09-17 19:43:42"}
{"level":"info","message":"GET /api/auth/me","timestamp":"2025-09-17 19:44:16"}
{"level":"info","message":"GET /api/recordings","timestamp":"2025-09-17 19:44:16"}
{"level":"info","message":"DELETE /api/meetings/BQ0AOD","timestamp":"2025-09-17 19:47:05"}
{"level":"info","message":"POST /api/meetings/BQ0AOD/leave","timestamp":"2025-09-17 19:47:11"}
{"level":"info","message":"GET /api/meetings/my-meetings/hosted","timestamp":"2025-09-17 19:47:13"}
{"level":"info","message":"GET /api/meetings/my-meetings/participated","timestamp":"2025-09-17 19:47:13"}
{"level":"info","message":"GET /api/meetings/my-meetings/hosted","timestamp":"2025-09-17 19:47:31"}
{"level":"info","message":"GET /api/meetings/my-meetings/participated","timestamp":"2025-09-17 19:47:31"}
{"level":"info","message":"POST /api/meetings","timestamp":"2025-09-17 19:47:42"}
{"level":"info","message":"POST /api/meetings/TQR58O/join","timestamp":"2025-09-17 19:47:42"}
{"level":"info","message":"GET /api/auth/me","timestamp":"2025-09-17 19:47:58"}
{"level":"info","message":"POST /api/meetings/TQR58O/join","timestamp":"2025-09-17 19:47:58"}
{"level":"info","message":"POST /api/meetings/TQR58O/leave","timestamp":"2025-09-17 19:48:11"}
{"level":"info","message":"GET /api/auth/me","timestamp":"2025-09-17 19:48:19"}
{"level":"info","message":"GET /api/meetings/my-meetings/hosted","timestamp":"2025-09-17 19:48:19"}
{"level":"info","message":"GET /api/meetings/my-meetings/participated","timestamp":"2025-09-17 19:48:19"}
{"level":"info","message":"DELETE /api/meetings/TQR58O","timestamp":"2025-09-17 19:48:38"}
{"level":"info","message":"GET /api/meetings/my-meetings/hosted","timestamp":"2025-09-17 19:48:40"}
{"level":"info","message":"GET /api/meetings/my-meetings/participated","timestamp":"2025-09-17 19:48:40"}
{"level":"info","message":"GET /api/meetings/my-meetings/hosted","timestamp":"2025-09-17 19:48:56"}
{"level":"info","message":"GET /api/meetings/my-meetings/hosted","timestamp":"2025-09-17 19:48:58"}
{"level":"info","message":"GET /api/meetings/my-meetings/hosted","timestamp":"2025-09-17 19:49:01"}
{"level":"info","message":"GET /api/auth/me","timestamp":"2025-09-17 19:49:41"}
{"level":"info","message":"GET /api/meetings/my-meetings/hosted","timestamp":"2025-09-17 19:49:41"}
{"level":"info","message":"GET /api/meetings/my-meetings/participated","timestamp":"2025-09-17 19:49:41"}
{"level":"info","message":"GET /api/auth/me","timestamp":"2025-09-17 19:49:48"}
{"level":"info","message":"GET /api/meetings/my-meetings/participated","timestamp":"2025-09-17 19:49:48"}
{"level":"info","message":"GET /api/meetings/my-meetings/hosted","timestamp":"2025-09-17 19:49:48"}
{"level":"info","message":"GET /api/meetings/my-meetings/hosted","timestamp":"2025-09-17 19:49:50"}
{"level":"info","message":"GET /api/meetings/my-meetings/hosted","timestamp":"2025-09-17 19:49:51"}
{"level":"info","message":"GET /api/meetings/my-meetings/hosted","timestamp":"2025-09-17 19:49:52"}
{"level":"info","message":"GET /api/meetings/my-meetings/hosted","timestamp":"2025-09-17 19:49:54"}
{"level":"info","message":"GET /api/meetings/my-meetings/hosted","timestamp":"2025-09-17 19:55:04"}
{"level":"info","message":"POST /api/meetings","timestamp":"2025-09-17 19:55:12"}
{"level":"info","message":"POST /api/meetings/F3T9AG/join","timestamp":"2025-09-17 19:55:12"}
{"level":"info","message":"DELETE /api/meetings/F3T9AG","timestamp":"2025-09-17 19:55:28"}
{"level":"info","message":"POST /api/meetings","timestamp":"2025-09-17 19:55:36"}
{"level":"info","message":"POST /api/meetings/XJY2K2/join","timestamp":"2025-09-17 19:55:36"}
{"level":"info","message":"DELETE /api/meetings/XJY2K2","timestamp":"2025-09-17 19:55:46"}
{"level":"info","message":"POST /api/meetings","timestamp":"2025-09-17 19:55:57"}
{"level":"info","message":"POST /api/meetings/254N1S/join","timestamp":"2025-09-17 19:55:57"}
{"level":"info","message":"DELETE /api/meetings/254N1S","timestamp":"2025-09-17 19:56:07"}
{"level":"info","message":"POST /api/meetings","timestamp":"2025-09-17 19:56:15"}
{"level":"info","message":"POST /api/meetings/6AYRBL/join","timestamp":"2025-09-17 19:56:15"}
{"level":"info","message":"DELETE /api/meetings/6AYRBL","timestamp":"2025-09-17 19:56:27"}
{"level":"info","message":"GET /api/meetings/my-meetings/hosted","timestamp":"2025-09-17 19:56:29"}
{"level":"info","message":"GET /api/meetings/my-meetings/participated","timestamp":"2025-09-17 19:56:29"}
{"level":"info","message":"GET /api/meetings/my-meetings/hosted","timestamp":"2025-09-17 19:56:31"}
{"level":"info","message":"POST /api/meetings","timestamp":"2025-09-17 19:56:37"}
{"level":"info","message":"POST /api/meetings/2VC5P0/join","timestamp":"2025-09-17 19:56:37"}
{"level":"info","message":"DELETE /api/meetings/2VC5P0","timestamp":"2025-09-17 19:56:44"}
{"level":"info","message":"GET /api/meetings/my-meetings/hosted","timestamp":"2025-09-17 19:57:01"}
{"level":"info","message":"GET /api/meetings/my-meetings/participated","timestamp":"2025-09-17 19:57:01"}
{"level":"info","message":"GET /api/meetings/my-meetings/hosted","timestamp":"2025-09-17 19:57:03"}
{"level":"info","message":"GET /api/meetings/my-meetings/participated","timestamp":"2025-09-17 19:57:03"}
{"level":"info","message":"GET /api/meetings/my-meetings/participated","timestamp":"2025-09-17 19:57:16"}
{"level":"info","message":"GET /api/meetings/my-meetings/participated","timestamp":"2025-09-17 19:57:16"}
{"level":"info","message":"GET /api/meetings/my-meetings/hosted","timestamp":"2025-09-17 19:57:19"}
{"level":"info","message":"GET /api/meetings/my-meetings/hosted","timestamp":"2025-09-17 19:57:21"}
{"level":"info","message":"GET /api/meetings/my-meetings/hosted","timestamp":"2025-09-17 19:57:22"}
{"level":"info","message":"GET /api/meetings/my-meetings/hosted","timestamp":"2025-09-17 19:57:25"}
{"level":"info","message":"GET /api/meetings/my-meetings/hosted","timestamp":"2025-09-17 19:57:31"}
{"level":"info","message":"GET /api/meetings/my-meetings/hosted","timestamp":"2025-09-17 19:57:32"}
{"level":"info","message":"GET /api/meetings/my-meetings/hosted","timestamp":"2025-09-17 19:57:36"}
{"level":"info","message":"GET /api/meetings/my-meetings/hosted","timestamp":"2025-09-17 19:57:38"}
{"level":"info","message":"GET /api/meetings/my-meetings/hosted","timestamp":"2025-09-17 19:57:39"}
{"level":"info","message":"GET /api/meetings/my-meetings/hosted","timestamp":"2025-09-17 19:57:44"}
{"level":"info","message":"GET /api/meetings/my-meetings/hosted","timestamp":"2025-09-17 20:09:27"}
{"level":"info","message":"GET /api/meetings/my-meetings/participated","timestamp":"2025-09-17 20:09:27"}
{"level":"info","message":"GET /api/auth/me","timestamp":"2025-09-17 20:09:34"}
{"level":"info","message":"GET /api/meetings/my-meetings/hosted","timestamp":"2025-09-17 20:09:34"}
{"level":"info","message":"GET /api/meetings/my-meetings/participated","timestamp":"2025-09-17 20:09:34"}
{"level":"info","message":"GET /api/meetings/my-meetings/hosted","timestamp":"2025-09-17 20:09:50"}
{"level":"info","message":"GET /api/meetings/my-meetings/participated","timestamp":"2025-09-17 20:09:50"}
{"level":"info","message":"GET /api/meetings/my-meetings/hosted","timestamp":"2025-09-17 20:09:54"}
{"level":"info","message":"GET /api/meetings/my-meetings/participated","timestamp":"2025-09-17 20:09:54"}
{"level":"info","message":"GET /api/recordings","timestamp":"2025-09-17 20:10:26"}
{"level":"info","message":"GET /api/recordings","timestamp":"2025-09-17 20:10:36"}
{"level":"info","message":"GET /api/meetings/my-meetings/hosted","timestamp":"2025-09-17 20:10:56"}
{"level":"info","message":"GET /api/meetings/my-meetings/participated","timestamp":"2025-09-17 20:10:56"}
{"level":"info","message":"GET /api/meetings/my-meetings/hosted","timestamp":"2025-09-17 20:10:58"}
{"level":"info","message":"GET /api/meetings/my-meetings/participated","timestamp":"2025-09-17 20:10:58"}
{"level":"info","message":"Mongoose connected","timestamp":"2025-09-17 20:11:35"}
{"level":"info","message":"MongoDB connected successfully","timestamp":"2025-09-17 20:11:35"}
{"level":"info","message":"Server running on port 5000","timestamp":"2025-09-17 20:11:35"}
{"level":"info","message":"Environment: development","timestamp":"2025-09-17 20:11:35"}
{"level":"info","message":"GET /api/meetings/my-meetings/hosted","timestamp":"2025-09-17 20:11:38"}
{"level":"info","message":"GET /api/meetings/my-meetings/participated","timestamp":"2025-09-17 20:11:38"}
{"level":"info","message":"GET /api/meetings/my-meetings/hosted","timestamp":"2025-09-17 20:11:40"}
{"level":"info","message":"GET /api/meetings/my-meetings/participated","timestamp":"2025-09-17 20:11:40"}
{"level":"info","message":"GET /api/meetings/my-meetings/hosted","timestamp":"2025-09-17 20:12:10"}
{"level":"info","message":"GET /api/meetings/my-meetings/participated","timestamp":"2025-09-17 20:12:10"}
{"level":"info","message":"GET /api/meetings/my-meetings/hosted","timestamp":"2025-09-17 20:12:13"}
{"level":"info","message":"GET /api/meetings/my-meetings/participated","timestamp":"2025-09-17 20:12:13"}
{"level":"info","message":"GET /api/meetings/my-meetings/hosted","timestamp":"2025-09-17 20:13:30"}
{"level":"info","message":"GET /api/meetings/my-meetings/participated","timestamp":"2025-09-17 20:13:30"}
{"level":"info","message":"GET /api/recordings","timestamp":"2025-09-17 20:13:57"}
{"level":"info","message":"GET /api/recordings","timestamp":"2025-09-17 20:14:06"}
{"level":"info","message":"POST /api/auth/logout","timestamp":"2025-09-17 20:14:15"}
{"level":"info","message":"GET /api/meetings/my-meetings/hosted","timestamp":"2025-09-17 20:14:18"}
{"level":"info","message":"GET /api/meetings/my-meetings/participated","timestamp":"2025-09-17 20:14:18"}
{"level":"info","message":"POST /api/auth/logout","timestamp":"2025-09-17 20:14:23"}
{"level":"info","message":"POST /api/auth/login","timestamp":"2025-09-17 20:14:28"}
{"level":"info","message":"GET /api/recordings","timestamp":"2025-09-17 20:14:30"}
{"level":"info","message":"GET /api/meetings/my-meetings/hosted","timestamp":"2025-09-17 20:14:31"}
{"level":"info","message":"GET /api/meetings/my-meetings/participated","timestamp":"2025-09-17 20:14:31"}
{"level":"info","message":"GET /api/auth/me","timestamp":"2025-09-17 20:14:39"}
{"level":"info","message":"GET /api/recordings","timestamp":"2025-09-17 20:14:39"}
{"level":"info","message":"GET /api/meetings/my-meetings/hosted","timestamp":"2025-09-17 20:14:43"}
{"level":"info","message":"GET /api/meetings/my-meetings/participated","timestamp":"2025-09-17 20:14:43"}
{"level":"info","message":"GET /api/recordings","timestamp":"2025-09-17 20:14:43"}
{"level":"info","message":"GET /api/recordings","timestamp":"2025-09-17 20:17:40"}
{"level":"info","message":"GET /api/auth/me","timestamp":"2025-09-17 20:17:43"}
{"level":"info","message":"GET /api/recordings","timestamp":"2025-09-17 20:17:44"}
{"level":"info","message":"GET /api/meetings/my-meetings/hosted","timestamp":"2025-09-17 20:17:45"}
{"level":"info","message":"GET /api/meetings/my-meetings/participated","timestamp":"2025-09-17 20:17:45"}
{"level":"info","message":"GET /api/meetings/my-meetings/hosted","timestamp":"2025-09-17 20:17:49"}
{"level":"info","message":"GET /api/meetings/my-meetings/participated","timestamp":"2025-09-17 20:17:49"}
{"level":"info","message":"GET /api/recordings","timestamp":"2025-09-17 20:17:50"}
{"level":"info","message":"GET /api/meetings/my-meetings/hosted","timestamp":"2025-09-17 20:17:51"}
{"level":"info","message":"GET /api/meetings/my-meetings/participated","timestamp":"2025-09-17 20:17:51"}
{"level":"info","message":"GET /api/meetings/my-meetings/participated","timestamp":"2025-09-17 20:17:56"}
{"level":"info","message":"GET /api/meetings/my-meetings/participated","timestamp":"2025-09-17 20:17:58"}
{"level":"info","message":"GET /api/meetings/my-meetings/participated","timestamp":"2025-09-17 20:18:01"}
{"level":"info","message":"GET /api/auth/me","timestamp":"2025-09-17 20:20:16"}
{"level":"info","message":"GET /api/meetings/my-meetings/hosted","timestamp":"2025-09-17 20:20:16"}
{"level":"info","message":"GET /api/meetings/my-meetings/participated","timestamp":"2025-09-17 20:20:16"}
{"level":"info","message":"GET /api/meetings/my-meetings/hosted","timestamp":"2025-09-17 20:20:20"}
{"level":"info","message":"GET /api/meetings/my-meetings/participated","timestamp":"2025-09-17 20:20:20"}
{"level":"info","message":"GET /api/meetings/my-meetings/hosted","timestamp":"2025-09-17 20:20:21"}
{"level":"info","message":"GET /api/meetings/my-meetings/participated","timestamp":"2025-09-17 20:20:21"}
{"level":"info","message":"GET /api/recordings","timestamp":"2025-09-17 20:22:24"}
{"level":"info","message":"GET /api/recordings","timestamp":"2025-09-17 20:22:24"}
{"level":"info","message":"GET /api/recordings","timestamp":"2025-09-17 20:22:26"}
{"level":"info","message":"GET /api/meetings/my-meetings/hosted","timestamp":"2025-09-17 20:22:40"}
{"level":"info","message":"GET /api/meetings/my-meetings/participated","timestamp":"2025-09-17 20:22:40"}
{"level":"info","message":"GET /api/recordings","timestamp":"2025-09-17 20:22:42"}
{"level":"info","message":"GET /api/meetings/my-meetings/hosted","timestamp":"2025-09-17 20:22:43"}
{"level":"info","message":"GET /api/meetings/my-meetings/participated","timestamp":"2025-09-17 20:22:43"}
{"level":"info","message":"GET /api/auth/me","timestamp":"2025-09-17 20:22:50"}
{"level":"info","message":"GET /api/meetings/my-meetings/hosted","timestamp":"2025-09-17 20:22:59"}
{"level":"info","message":"GET /api/meetings/my-meetings/participated","timestamp":"2025-09-17 20:22:59"}
{"level":"info","message":"GET /api/recordings","timestamp":"2025-09-17 20:22:59"}
{"level":"info","message":"GET /api/meetings/my-meetings/hosted","timestamp":"2025-09-17 20:23:01"}
{"level":"info","message":"GET /api/meetings/my-meetings/participated","timestamp":"2025-09-17 20:23:01"}
{"level":"info","message":"GET /api/meetings/my-meetings/hosted","timestamp":"2025-09-17 20:23:28"}
{"level":"info","message":"GET /api/meetings/my-meetings/participated","timestamp":"2025-09-17 20:23:28"}
{"level":"info","message":"GET /api/recordings","timestamp":"2025-09-17 20:23:29"}
{"level":"info","message":"GET /api/recordings","timestamp":"2025-09-17 20:32:30"}
{"level":"info","message":"GET /api/recordings","timestamp":"2025-09-17 20:32:30"}
{"level":"info","message":"GET /api/auth/me","timestamp":"2025-09-17 20:32:41"}
{"level":"info","message":"GET /api/recordings","timestamp":"2025-09-17 20:32:41"}
{"level":"info","message":"POST /api/auth/logout","timestamp":"2025-09-17 20:32:52"}
{"level":"info","message":"POST /api/auth/login","timestamp":"2025-09-17 20:33:06"}
{"level":"info","message":"GET /api/recordings","timestamp":"2025-09-17 20:33:08"}
{"level":"info","message":"GET /api/meetings/my-meetings/hosted","timestamp":"2025-09-17 20:33:09"}
{"level":"info","message":"GET /api/meetings/my-meetings/participated","timestamp":"2025-09-17 20:33:09"}
{"level":"info","message":"GET /api/recordings","timestamp":"2025-09-17 20:33:11"}
{"level":"info","message":"GET /api/meetings/my-meetings/hosted","timestamp":"2025-09-17 20:34:35"}
{"level":"info","message":"GET /api/meetings/my-meetings/participated","timestamp":"2025-09-17 20:34:35"}
{"level":"info","message":"GET /api/recordings","timestamp":"2025-09-17 20:34:36"}
{"level":"info","message":"POST /api/meetings","timestamp":"2025-09-17 20:35:21"}
{"level":"info","message":"POST /api/meetings/N6QG6M/join","timestamp":"2025-09-17 20:35:21"}
{"level":"info","message":"POST /api/meetings/N6QG6M/join","timestamp":"2025-09-17 20:35:31"}
{"level":"info","message":"POST /api/meetings/N6QG6M/join","timestamp":"2025-09-17 20:35:32"}
{"level":"info","message":"POST /api/recordings/N6QG6M/upload","timestamp":"2025-09-17 20:36:31"}
{"level":"info","message":"GET /api/auth/me","timestamp":"2025-09-17 20:37:08"}
{"level":"info","message":"GET /api/recordings","timestamp":"2025-09-17 20:37:08"}
{"level":"info","message":"DELETE /api/recordings/68cace8cb8a3716b508cb721","timestamp":"2025-09-17 20:38:12"}
{"level":"info","message":"Mongoose connected","timestamp":"2025-09-17 20:44:17"}
{"level":"info","message":"MongoDB connected successfully","timestamp":"2025-09-17 20:44:17"}
{"level":"info","message":"Server running on port 5000","timestamp":"2025-09-17 20:44:17"}
{"level":"info","message":"Environment: development","timestamp":"2025-09-17 20:44:17"}
{"level":"info","message":"GET /api/auth/me","timestamp":"2025-09-17 20:44:39"}
{"level":"info","message":"GET /api/recordings","timestamp":"2025-09-17 20:44:39"}
{"level":"info","message":"GET /api/meetings/my-meetings/hosted","timestamp":"2025-09-17 20:45:31"}
{"level":"info","message":"GET /api/meetings/my-meetings/participated","timestamp":"2025-09-17 20:45:31"}
{"level":"info","message":"POST /api/meetings/N6QG6M/join","timestamp":"2025-09-17 20:45:33"}
{"level":"info","message":"POST /api/meetings/N6QG6M/join","timestamp":"2025-09-17 20:45:33"}
{"level":"info","message":"POST /api/meetings/N6QG6M/leave","timestamp":"2025-09-17 20:45:34"}
{"level":"info","message":"POST /api/recordings/N6QG6M/upload","timestamp":"2025-09-17 20:46:10"}
{"level":"info","message":"POST /api/meetings/N6QG6M/leave","timestamp":"2025-09-17 20:46:29"}
{"level":"info","message":"DELETE /api/meetings/N6QG6M","timestamp":"2025-09-17 20:46:49"}
{"level":"info","message":"GET /api/recordings","timestamp":"2025-09-17 20:47:04"}
{"level":"info","message":"DELETE /api/recordings/68cad0de4c2b3097fb596614","timestamp":"2025-09-17 20:48:18"}
{"level":"info","message":"Mongoose connected","timestamp":"2025-09-17 20:51:14"}
{"level":"info","message":"MongoDB connected successfully","timestamp":"2025-09-17 20:51:14"}
{"level":"info","message":"Server running on port 5000","timestamp":"2025-09-17 20:51:14"}
{"level":"info","message":"Environment: development","timestamp":"2025-09-17 20:51:14"}
{"level":"info","message":"GET /api/meetings/my-meetings/hosted","timestamp":"2025-09-17 20:51:20"}
{"level":"info","message":"GET /api/meetings/my-meetings/participated","timestamp":"2025-09-17 20:51:20"}
{"level":"info","message":"POST /api/meetings","timestamp":"2025-09-17 20:51:28"}
{"level":"info","message":"POST /api/meetings/H85ENJ/join","timestamp":"2025-09-17 20:51:28"}
{"level":"info","message":"POST /api/meetings/H85ENJ/join","timestamp":"2025-09-17 20:51:37"}
{"level":"info","message":"POST /api/meetings/H85ENJ/join","timestamp":"2025-09-17 20:51:38"}
{"level":"info","message":"POST /api/recordings/H85ENJ/upload","timestamp":"2025-09-17 20:52:42"}
{"level":"info","message":"GET /api/auth/me","timestamp":"2025-09-17 20:53:09"}
{"level":"info","message":"GET /api/recordings","timestamp":"2025-09-17 20:53:10"}
{"level":"info","message":"DELETE /api/recordings/68cad254be52bce0521c3677","timestamp":"2025-09-17 20:54:01"}
{"level":"info","message":"Mongoose connected","timestamp":"2025-09-17 20:56:17"}
{"level":"info","message":"MongoDB connected successfully","timestamp":"2025-09-17 20:56:17"}
{"level":"info","message":"Server running on port 5000","timestamp":"2025-09-17 20:56:17"}
{"level":"info","message":"Environment: development","timestamp":"2025-09-17 20:56:17"}
{"level":"info","message":"POST /api/recordings/H85ENJ/upload","timestamp":"2025-09-17 20:56:49"}
{"level":"info","message":"GET /api/auth/me","timestamp":"2025-09-17 20:57:09"}
{"level":"info","message":"GET /api/recordings","timestamp":"2025-09-17 20:57:09"}
{"level":"info","message":"DELETE /api/recordings/68cad347de0b86e4bd0cdb63","timestamp":"2025-09-17 21:00:15"}
{"level":"info","message":"Mongoose connected","timestamp":"2025-09-17 21:02:44"}
{"level":"info","message":"MongoDB connected successfully","timestamp":"2025-09-17 21:02:44"}
{"level":"info","message":"Server running on port 5000","timestamp":"2025-09-17 21:02:44"}
{"level":"info","message":"Environment: development","timestamp":"2025-09-17 21:02:44"}
{"level":"info","message":"Mongoose connected","timestamp":"2025-09-17 21:06:32"}
{"level":"info","message":"MongoDB connected successfully","timestamp":"2025-09-17 21:06:32"}
{"level":"info","message":"Server running on port 5000","timestamp":"2025-09-17 21:06:32"}
{"level":"info","message":"Environment: development","timestamp":"2025-09-17 21:06:32"}
{"level":"info","message":"Mongoose connected","timestamp":"2025-09-17 21:06:40"}
{"level":"info","message":"MongoDB connected successfully","timestamp":"2025-09-17 21:06:40"}
{"level":"info","message":"Server running on port 5000","timestamp":"2025-09-17 21:06:40"}
{"level":"info","message":"Environment: development","timestamp":"2025-09-17 21:06:40"}
{"level":"info","message":"POST /api/recordings/H85ENJ/upload","timestamp":"2025-09-17 21:07:11"}
{"level":"info","message":"GET /api/auth/me","timestamp":"2025-09-17 21:07:24"}
{"level":"info","message":"GET /api/recordings","timestamp":"2025-09-17 21:07:24"}
{"level":"info","message":"DELETE /api/recordings/68cad5b1c47cbd98f76cac24","timestamp":"2025-09-17 21:08:06"}
{"level":"info","message":"DELETE /api/meetings/H85ENJ","timestamp":"2025-09-17 21:08:39"}
{"level":"info","message":"POST /api/meetings/H85ENJ/leave","timestamp":"2025-09-17 21:08:46"}
{"level":"info","message":"GET /api/recordings","timestamp":"2025-09-17 21:08:51"}
{"level":"info","message":"POST /api/meetings","timestamp":"2025-09-17 21:09:08"}
{"level":"info","message":"POST /api/meetings/B7F9W0/join","timestamp":"2025-09-17 21:09:08"}
{"level":"info","message":"POST /api/meetings/B7F9W0/join","timestamp":"2025-09-17 21:09:52"}
{"level":"info","message":"POST /api/meetings/B7F9W0/join","timestamp":"2025-09-17 21:09:53"}
{"level":"info","message":"POST /api/recordings/B7F9W0/upload","timestamp":"2025-09-17 21:10:38"}
{"level":"info","message":"POST /api/recordings/B7F9W0/upload","timestamp":"2025-09-17 21:11:13"}
{"level":"info","message":"POST /api/recordings/B7F9W0/upload","timestamp":"2025-09-17 21:11:58"}
{"level":"info","message":"POST /api/recordings/B7F9W0/upload","timestamp":"2025-09-17 21:12:27"}
{"level":"info","message":"POST /api/recordings/B7F9W0/upload","timestamp":"2025-09-17 21:13:28"}
{"level":"info","message":"GET /api/auth/me","timestamp":"2025-09-17 21:14:03"}
{"level":"info","message":"GET /api/recordings","timestamp":"2025-09-17 21:14:04"}
{"level":"info","message":"GET /api/auth/me","timestamp":"2025-09-17 21:14:10"}
{"level":"info","message":"GET /api/recordings","timestamp":"2025-09-17 21:14:10"}
{"level":"info","message":"DELETE /api/recordings/68cac22f2f2f8f1e07f3d622","timestamp":"2025-09-17 21:14:15"}
{"level":"info","message":"DELETE /api/recordings/68cad731c47cbd98f76cac5d","timestamp":"2025-09-17 21:14:49"}
{"level":"info","message":"GET /api/auth/me","timestamp":"2025-09-17 21:15:52"}
{"level":"info","message":"GET /api/recordings","timestamp":"2025-09-17 21:15:55"}
{"level":"info","message":"DELETE /api/recordings/68cad685c47cbd98f76cac4d","timestamp":"2025-09-17 21:16:49"}
{"level":"info","message":"POST /api/recordings/B7F9W0/upload","timestamp":"2025-09-17 21:17:33"}
{"level":"info","message":"GET /api/meetings/my-meetings/participated","timestamp":"2025-09-17 21:17:49"}
{"level":"info","message":"GET /api/meetings/my-meetings/hosted","timestamp":"2025-09-17 21:17:49"}
{"level":"info","message":"GET /api/recordings","timestamp":"2025-09-17 21:17:50"}
{"level":"info","message":"POST /api/recordings/B7F9W0/upload","timestamp":"2025-09-17 21:19:15"}
{"level":"info","message":"GET /api/meetings/my-meetings/hosted","timestamp":"2025-09-17 21:19:34"}
{"level":"info","message":"GET /api/meetings/my-meetings/participated","timestamp":"2025-09-17 21:19:34"}
{"level":"info","message":"GET /api/recordings","timestamp":"2025-09-17 21:19:36"}
{"level":"info","message":"POST /api/recordings/B7F9W0/upload","timestamp":"2025-09-17 21:20:26"}
{"level":"info","message":"GET /api/auth/me","timestamp":"2025-09-17 21:20:40"}
{"level":"info","message":"GET /api/recordings","timestamp":"2025-09-17 21:20:40"}
{"level":"info","message":"GET /api/auth/me","timestamp":"2025-09-17 21:21:00"}
{"level":"info","message":"GET /api/recordings","timestamp":"2025-09-17 21:21:03"}
{"level":"info","message":"GET /api/meetings/my-meetings/participated","timestamp":"2025-09-17 21:21:36"}
{"level":"info","message":"GET /api/meetings/my-meetings/hosted","timestamp":"2025-09-17 21:21:36"}
{"level":"info","message":"GET /api/recordings","timestamp":"2025-09-17 21:21:37"}
{"level":"info","message":"POST /api/recordings/B7F9W0/upload","timestamp":"2025-09-17 21:22:37"}
{"level":"info","message":"GET /api/auth/me","timestamp":"2025-09-17 21:23:08"}
{"level":"info","message":"GET /api/recordings","timestamp":"2025-09-17 21:23:08"}
{"level":"info","message":"GET /api/recordings","timestamp":"2025-09-17 21:23:10"}
{"level":"info","message":"GET /api/recordings","timestamp":"2025-09-17 21:23:15"}
{"level":"info","message":"GET /api/recordings","timestamp":"2025-09-17 21:23:16"}
{"level":"info","message":"GET /api/recordings","timestamp":"2025-09-17 21:23:18"}
{"level":"info","message":"GET /api/recordings","timestamp":"2025-09-17 21:23:22"}
{"level":"info","message":"GET /api/recordings","timestamp":"2025-09-17 21:23:29"}
{"level":"info","message":"DELETE /api/meetings/B7F9W0","timestamp":"2025-09-17 21:23:34"}
{"level":"info","message":"POST /api/meetings/B7F9W0/leave","timestamp":"2025-09-17 21:23:39"}
